C51 COMPILER V9.60.0.0   MAIN                                                              03/11/2024 16:47:46 PAGE 1   


C51 COMPILER V9.60.0.0, COMPILATION OF MODULE MAIN
OBJECT MODULE PLACED IN .\Objects\main.obj
COMPILER INVOKED BY: C:\Keil_v5\C51\BIN\C51.EXE main.c OPTIMIZE(8,SPEED) BROWSE DEBUG OBJECTEXTEND PRINT(.\Listings\main
                    -.lst) TABS(2) OBJECT(.\Objects\main.obj)

line level    source

   1          /*
   2          Creater : Pham Van Dung 
   3          Faculty: automation of control - electric power university
   4          Adress: 256 Hoang Quoc Viet sreet
   5          Project: Traffic light for 2's intersctions using greenlight technic 
   6          Microcontroller using in this protect: AT98C51 
   7          Date: 16:46:20s , 11,3,2024. 
   8          */
   9          #include <REGX51.H>
  10          sbit REDX = P2^5;
  11          sbit GREENX = P2^6;
  12          sbit YELLOWX = P2^7;
  13          
  14          sbit REDY = P1^5;
  15          sbit GREENY = P1^6;
  16          sbit YELLOWY = P1^7;
  17          
  18          sbit clk1 = P2^3;
  19          sbit clk2 = P2^4;
  20          sbit clk3 = P2^2;
  21          sbit clk4 = P2^1;
  22          
  23          void program();
  24          int chucx,donvix;
  25          int chucy,donviy;
  26          int x,y;
  27          unsigned char maled[] = {0x00,0x01,0x02,0x03,0x04,0x05,0x06,0x07,0x08,0x09};
  28          void delay_ms(unsigned int times)
  29          {
  30   1        int x,y;
  31   1        for(x=0;x<=times;x++)
  32   1        {
  33   2          for(y=0;y<=124;y++);
  34   2        }
  35   1      }
  36          
  37          
  38          
  39          //----------------------------------------------------------
  40          void display_REDY_GREENX()
  41          {
  42   1        for(x=25,y=20;x>=0,y>=0;x=x-1,y=y-1)
  43   1        {
  44   2            REDX = GREENY = 1;
  45   2            GREENX = YELLOWY = 0;
  46   2            YELLOWX = REDY = 0 ;
  47   2          
  48   2            chucx = x/10;
  49   2            donvix = x%10;
  50   2            chucy = y/10;
  51   2            donviy = y%10;
  52   2          
  53   2            P0  = maled[chucx];
  54   2            clk1 = 0;
C51 COMPILER V9.60.0.0   MAIN                                                              03/11/2024 16:47:46 PAGE 2   

  55   2            clk1 = 1;
  56   2            P0  = maled[donvix];
  57   2            clk2 = 0;
  58   2            clk2 = 1;
  59   2          
  60   2            
  61   2            P3 = maled[chucy];
  62   2            clk3 = 0;
  63   2            clk3 = 1;
  64   2            P3 = maled[donviy];
  65   2            clk4 = 0;
  66   2            clk4 = 1;
  67   2            
  68   2            delay_ms(500);
  69   2        
  70   2            if(y == 0)  // in this case greenlight x_direction equal zero , turn on yellowlight
  71   2            {
  72   3                REDX = YELLOWY = 1;
  73   3                GREENX = GREENY = 0;
  74   3                YELLOWX = REDY = 0 ;
  75   3              
  76   3              for(x=5;x>=0;x--)
  77   3              {
  78   4                  chucx = x/10;
  79   4                  donvix = x%10;
  80   4                  chucy = x/10;
  81   4                  donviy = x%10;
  82   4                
  83   4                
  84   4                  
  85   4                  P0  = maled[chucx];
  86   4                  clk1 = 0;
  87   4                  clk1 = 1;
  88   4                  P0  = maled[donvix];
  89   4                  clk2 = 0;
  90   4                  clk2 = 1;
  91   4          
  92   4            
  93   4                  P3 = maled[chucy];
  94   4                  clk3 = 0;
  95   4                  clk3 = 1;
  96   4                  P3 = maled[donviy];
  97   4                  clk4 = 0;
  98   4                  clk4 = 1;
  99   4                  delay_ms(500);
 100   4              if(x == 0)
 101   4              {
 102   5                program();
 103   5              }
 104   4                
 105   4              
 106   4              }
 107   3            }
 108   2        }
 109   1      }
 110          //----------------------------------------------------------
 111          void main()
 112          {
 113   1      
 114   1        REDX = REDY = 0;
 115   1        GREENX = GREENY = 0;
 116   1        YELLOWX = YELLOWY = 0;
C51 COMPILER V9.60.0.0   MAIN                                                              03/11/2024 16:47:46 PAGE 3   

 117   1        
 118   1        while(1)
 119   1        {
 120   2            display_REDY_GREENX();
 121   2        }
 122   1      
 123   1      }
 124          
 125          void program()
 126          {
 127   1          for(x=20,y=25;x>=0,y>=0;x=x-1,y=y-1)
 128   1        {
 129   2            GREENX = REDY = 1;
 130   2            REDX = YELLOWY = 0;
 131   2            YELLOWX = GREENY = 0 ;
 132   2          
 133   2            chucx = x/10;
 134   2            donvix = x%10;
 135   2            chucy = y/10;
 136   2            donviy = y%10;
 137   2          
 138   2            P0  = maled[chucx];
 139   2            clk1 = 0;
 140   2            clk1 = 1;
 141   2            P0  = maled[donvix];
 142   2            clk2 = 0;
 143   2            clk2 = 1;
 144   2          
 145   2            
 146   2            P3 = maled[chucy];
 147   2            clk3 = 0;
 148   2            clk3 = 1;
 149   2            P3 = maled[donviy];
 150   2            clk4 = 0;
 151   2            clk4 = 1;
 152   2            
 153   2            delay_ms(500);
 154   2            
 155   2            if (x == 0)
 156   2            {
 157   3              YELLOWX = REDY = 1;
 158   3              REDX = YELLOWY = 0;
 159   3              GREENX = GREENY = 0 ;
 160   3              
 161   3            for(y=5 ;y>=0;y--)
 162   3            {
 163   4            
 164   4            chucx = y/10;
 165   4            donvix = y%10;
 166   4            chucy = y/10;
 167   4            donviy = y%10;
 168   4          
 169   4            P0  = maled[chucx];
 170   4            clk1 = 0;
 171   4            clk1 = 1;
 172   4            P0  = maled[donvix];
 173   4            clk2 = 0;
 174   4            clk2 = 1;
 175   4          
 176   4            
 177   4            P3 = maled[chucy];
 178   4            clk3 = 0;
C51 COMPILER V9.60.0.0   MAIN                                                              03/11/2024 16:47:46 PAGE 4   

 179   4            clk3 = 1;
 180   4            P3 = maled[donviy];
 181   4            clk4 = 0;
 182   4            clk4 = 1;
 183   4            
 184   4            delay_ms(500);
 185   4            
 186   4            }
 187   3          
 188   3            }
 189   2        }
 190   1      }
 191          
 192          // end code 


MODULE INFORMATION:   STATIC OVERLAYABLE
   CODE SIZE        =    472    ----
   CONSTANT SIZE    =   ----    ----
   XDATA SIZE       =   ----    ----
   PDATA SIZE       =   ----    ----
   DATA SIZE        =     22    ----
   IDATA SIZE       =   ----    ----
   BIT SIZE         =   ----    ----
END OF MODULE INFORMATION.


C51 COMPILATION COMPLETE.  0 WARNING(S),  0 ERROR(S)
